0 info it worked if it ends with ok
1 verbose cli [ 'C:\\Program Files\\nodejs\\node.exe',
1 verbose cli   'C:\\Program Files\\nodejs\\node_modules\\npm\\bin\\npm-cli.js',
1 verbose cli   'start' ]
2 info using npm@3.10.10
3 info using node@v6.11.2
4 verbose run-script [ 'prestart', 'start', 'poststart' ]
5 info lifecycle restty@0.0.0~prestart: restty@0.0.0
6 silly lifecycle restty@0.0.0~prestart: no script for prestart, continuing
7 info lifecycle restty@0.0.0~start: restty@0.0.0
8 verbose lifecycle restty@0.0.0~start: unsafe-perm in lifecycle true
9 verbose lifecycle restty@0.0.0~start: PATH: C:\Program Files\nodejs\node_modules\npm\bin\node-gyp-bin;C:\FIT VUT\Remote-API-Web-Reference-for-Java-Enterprise-Applications\restty-app\frontend\src\main\frontend\node_modules\.bin;C:\Program Files\cmder\bin;C:\Program Files\cmder\vendor\conemu-maximus5\ConEmu\Scripts;C:\Program Files\cmder\vendor\conemu-maximus5;C:\Program Files\cmder\vendor\conemu-maximus5\ConEmu;C:\ProgramData\Oracle\Java\javapath;C:\Program Files (x86)\Intel\iCLS Client\;C:\Program Files\Intel\iCLS Client\;C:\windows\system32;C:\windows;C:\windows\System32\Wbem;C:\windows\System32\WindowsPowerShell\v1.0\;C:\Program Files\Intel\Intel(R) Management Engine Components\DAL;C:\Program Files\Intel\Intel(R) Management Engine Components\IPT;C:\Program Files (x86)\Intel\Intel(R) Management Engine Components\DAL;C:\Program Files (x86)\Intel\Intel(R) Management Engine Components\IPT;C:\Program Files (x86)\ATI Technologies\ATI.ACE\Core-Static;C:\Program Files\Intel\WiFi\bin\;C:\Program Files\Common Files\Intel\WirelessCommon\;C:\Program Files (x86)\Common Files\lenovo\easyplussdk\bin;C:\ProgramData\Lenovo\ReadyApps;C:\Program Files\TortoiseGit\bin;C:\Program Files\Git\cmd;C:\Program Files (x86)\PuTTY\;C:\Favorlogic\Utils\apache-maven-3.3.9\bin;C:\Progra~1\Java\jdk1.8.0_102\bin;C:\Favorlogic\Utils\Liquibase\;C:\Program Files (x86)\Skype\Phone\;C:\Program Files\nodejs\;C:\Users\toucheqt\AppData\Roaming\npm;C:\Program Files\Git\usr\bin;C:\Program Files\Git\usr\share\vim\vim74;C:\Program Files\cmder\
10 verbose lifecycle restty@0.0.0~start: CWD: C:\FIT VUT\Remote-API-Web-Reference-for-Java-Enterprise-Applications\restty-app\frontend\src\main\frontend
11 silly lifecycle restty@0.0.0~start: Args: [ '/d /s /c', 'ng serve --proxy-config proxy.conf.json' ]
12 silly lifecycle restty@0.0.0~start: Returned: code: 3221225786  signal: null
13 info lifecycle restty@0.0.0~start: Failed to exec start script
14 verbose stack Error: restty@0.0.0 start: `ng serve --proxy-config proxy.conf.json`
14 verbose stack Exit status 3221225786
14 verbose stack     at EventEmitter.<anonymous> (C:\Program Files\nodejs\node_modules\npm\lib\utils\lifecycle.js:255:16)
14 verbose stack     at emitTwo (events.js:106:13)
14 verbose stack     at EventEmitter.emit (events.js:191:7)
14 verbose stack     at ChildProcess.<anonymous> (C:\Program Files\nodejs\node_modules\npm\lib\utils\spawn.js:40:14)
14 verbose stack     at emitTwo (events.js:106:13)
14 verbose stack     at ChildProcess.emit (events.js:191:7)
14 verbose stack     at maybeClose (internal/child_process.js:891:16)
14 verbose stack     at Process.ChildProcess._handle.onexit (internal/child_process.js:226:5)
15 verbose pkgid restty@0.0.0
16 verbose cwd C:\FIT VUT\Remote-API-Web-Reference-for-Java-Enterprise-Applications\restty-app\frontend\src\main\frontend
17 error Windows_NT 6.3.9600
18 error argv "C:\\Program Files\\nodejs\\node.exe" "C:\\Program Files\\nodejs\\node_modules\\npm\\bin\\npm-cli.js" "start"
19 error node v6.11.2
20 error npm  v3.10.10
21 error code ELIFECYCLE
22 error restty@0.0.0 start: `ng serve --proxy-config proxy.conf.json`
22 error Exit status 3221225786
23 error Failed at the restty@0.0.0 start script 'ng serve --proxy-config proxy.conf.json'.
23 error Make sure you have the latest version of node.js and npm installed.
23 error If you do, this is most likely a problem with the restty package,
23 error not with npm itself.
23 error Tell the author that this fails on your system:
23 error     ng serve --proxy-config proxy.conf.json
23 error You can get information on how to open an issue for this project with:
23 error     npm bugs restty
23 error Or if that isn't available, you can get their info via:
23 error     npm owner ls restty
23 error There is likely additional logging output above.
24 verbose exit [ 1, true ]
